c:\users\isaac\desktop\proyecto1_ed\proyecto1_ed\x64\debug\vc143.pdb
c:\users\isaac\desktop\proyecto1_ed\proyecto1_ed\x64\debug\vc143.idb
c:\users\isaac\desktop\proyecto1_ed\proyecto1_ed\x64\debug\tablero.obj
c:\users\isaac\desktop\proyecto1_ed\proyecto1_ed\x64\debug\sokoban.obj
c:\users\isaac\desktop\proyecto1_ed\proyecto1_ed\x64\debug\repeticion.obj
c:\users\isaac\desktop\proyecto1_ed\proyecto1_ed\x64\debug\jugador.obj
c:\users\isaac\desktop\proyecto1_ed\proyecto1_ed\x64\debug\juegocontrolador.obj
c:\users\isaac\desktop\proyecto1_ed\proyecto1_ed\x64\debug\consolavista.obj
c:\users\isaac\desktop\proyecto1_ed\proyecto1_ed\x64\debug\caja.obj
c:\users\isaac\desktop\proyecto1_ed\proyecto1_ed\x64\debug\archivo.obj
c:\users\isaac\desktop\proyecto1_ed\x64\debug\proyecto1_ed.exe
c:\users\isaac\desktop\proyecto1_ed\proyecto1_ed\x64\debug\proyecto1_ed.ilk
c:\users\isaac\desktop\proyecto1_ed\x64\debug\proyecto1_ed.pdb
c:\users\isaac\desktop\proyecto1_ed\proyecto1_ed\x64\debug\proyecto1_ed.tlog\cl.command.1.tlog
c:\users\isaac\desktop\proyecto1_ed\proyecto1_ed\x64\debug\proyecto1_ed.tlog\cl.items.tlog
c:\users\isaac\desktop\proyecto1_ed\proyecto1_ed\x64\debug\proyecto1_ed.tlog\cl.read.1.tlog
c:\users\isaac\desktop\proyecto1_ed\proyecto1_ed\x64\debug\proyecto1_ed.tlog\cl.write.1.tlog
c:\users\isaac\desktop\proyecto1_ed\proyecto1_ed\x64\debug\proyecto1_ed.tlog\link.command.1.tlog
c:\users\isaac\desktop\proyecto1_ed\proyecto1_ed\x64\debug\proyecto1_ed.tlog\link.read.1.tlog
c:\users\isaac\desktop\proyecto1_ed\proyecto1_ed\x64\debug\proyecto1_ed.tlog\link.write.1.tlog
